<?xml version="1.0" encoding="UTF-8"?>
<!-- Generated by org.testng.reporters.JUnitXMLReporter -->
<testsuite ignored="0" hostname="DESKTOP-3KUK867" failures="0" tests="10" name="Group-Test" time="106.172" errors="0" timestamp="2023-03-24T13:27:49 IST">
  <testcase classname="testCases.TC_001_AccountRegTest" name="test_AccountRegistration" time="3.748"/>
  <testcase classname="testCases.TC_002_LoginTest" name="test_LoginTest" time="5.591"/>
  <testcase classname="testCases.TC_003_SearchTest" name="test_SearchTest" time="5.42"/>
  <testcase classname="testCases.TC_004_AddToCartTest" name="test_AddToCartTest" time="7.253"/>
  <testcase classname="testCases.TC_005LoginDataDrivenTest" name="test_LoginDataDriven" time="2.409"/>
  <testcase classname="testCases.TC_005LoginDataDrivenTest" name="test_LoginDataDriven" time="11.205"/>
  <testcase classname="testCases.TC_005LoginDataDrivenTest" name="test_LoginDataDriven" time="11.247"/>
  <testcase classname="testCases.TC_005LoginDataDrivenTest" name="test_LoginDataDriven" time="11.191"/>
  <testcase classname="testCases.TC_005LoginDataDrivenTest" name="test_LoginDataDriven" time="2.281"/>
  <testcase classname="testCases.TC_006_EndToEndTest" name="test_EndToEnd" time="15.656"/>
</testsuite> <!-- Group-Test -->
